<?xml version="1.0" encoding="UTF-8"?>
<!-- Generated by org.testng.reporters.JUnitReportReporter -->
<testsuite skipped="0" hostname="Augustus-PC" name="test.java.ContactTests.ContactPageTests" tests="2" failures="0" timestamp="19 May 2017 03:48:15 GMT" time="15.457" errors="0">
  <testcase name="verifyContactPageTitle" time="0.029" classname="test.java.ContactTests.ContactPageTests"/>
  <testcase name="TestContactSalesPage" time="15.428" classname="test.java.ContactTests.ContactPageTests"/>
</testsuite> <!-- test.java.ContactTests.ContactPageTests -->
