<?xml version="1.0" encoding="UTF-8"?>
<!-- Generated by org.testng.reporters.JUnitReportReporter -->
<testsuite skipped="1" hostname="Augustus-PC" name="test.java.ContactTests.ContactCustomerSupport" tests="3" failures="0" timestamp="22 May 2017 12:24:09 GMT" time="14.914" errors="0">
  <testcase name="verifyContactProductSupport" time="13.687" classname="test.java.ContactTests.ContactCustomerSupport"/>
  <testcase name="verifyWonderwareContactDetails" time="1.227" classname="test.java.ContactTests.ContactCustomerSupport"/>
  <testcase name="testLinksAvailableOnPage" classname="test.java.ContactTests.ContactCustomerSupport">
    <skipped/>
  </testcase> <!-- testLinksAvailableOnPage -->
</testsuite> <!-- test.java.ContactTests.ContactCustomerSupport -->
