<?xml version="1.0" encoding="UTF-8"?>
<!-- Generated by org.testng.reporters.JUnitReportReporter -->
<testsuite skipped="0" hostname="Augustus-PC" name="test.java.ContactTests.ContactPageTests" tests="2" failures="0" timestamp="19 May 2017 05:33:04 GMT" time="18.873" errors="0">
  <testcase name="verifyContactPageTitle" time="0.032" classname="test.java.ContactTests.ContactPageTests"/>
  <testcase name="TestContactSalesPage" time="18.841" classname="test.java.ContactTests.ContactPageTests"/>
</testsuite> <!-- test.java.ContactTests.ContactPageTests -->
