<?xml version="1.0" encoding="UTF-8"?>
<!-- Generated by org.testng.reporters.JUnitReportReporter -->
<testsuite skipped="0" hostname="Augustus-PC" name="test.java.ContactTests.ContactPageTests" tests="2" failures="0" timestamp="20 May 2017 10:44:16 GMT" time="12.382" errors="0">
  <testcase name="verifyContactPageTitle" time="0.021" classname="test.java.ContactTests.ContactPageTests"/>
  <testcase name="TestContactSalesPage" time="12.361" classname="test.java.ContactTests.ContactPageTests"/>
</testsuite> <!-- test.java.ContactTests.ContactPageTests -->
